[ 2016-03-11T11:00:41+08:00 ] 127.0.0.1 /thinkphp/app.php
INFO: [ app_init ] --START--
INFO: Run Behavior\BuildLiteBehavior [ RunTime:0.000009s ]
INFO: [ app_init ] --END-- [ RunTime:0.000063s ]
INFO: [ app_begin ] --START--
INFO: Run Behavior\ReadHtmlCacheBehavior [ RunTime:0.005728s ]
INFO: [ app_begin ] --END-- [ RunTime:0.005760s ]
NOTIC: [2048] Declaration of Blog\Controller\IndexController::show() should be compatible with Think\Controller::show($content, $charset = '', $contentType = '', $prefix = '') /www/thinkphp/App/Blog/Controller/IndexController.class.php 第 0 行.
SQL: SHOW COLUMNS FROM `think_cate` [ RunTime:0.0002s ]
SQL: SELECT * FROM `think_cate` WHERE `pid` = 0 ORDER BY sort  [ RunTime:0.0360s ]
SQL: SELECT * FROM `think_cate` ORDER BY sort  [ RunTime:0.0001s ]
SQL: SHOW COLUMNS FROM `think_blog` [ RunTime:0.0003s ]
SQL: SELECT `id`,`title`,`time`,`click` FROM `think_blog` WHERE `cid` IN ('1') ORDER BY time DESC LIMIT 5   [ RunTime:0.0105s ]
SQL: SELECT `id`,`title`,`time`,`click` FROM `think_blog` WHERE `cid` IN ('2') ORDER BY time DESC LIMIT 5   [ RunTime:0.0002s ]
SQL: SELECT `id`,`title`,`time`,`click` FROM `think_blog` WHERE `cid` IN ('15','14','16','3') ORDER BY time DESC LIMIT 5   [ RunTime:0.0002s ]
SQL: SELECT `id`,`title`,`time`,`click` FROM `think_blog` WHERE `cid` IN ('19','4') ORDER BY time DESC LIMIT 5   [ RunTime:0.0012s ]
SQL: SELECT `id`,`title`,`time`,`click` FROM `think_blog` WHERE `cid` IN ('18','17','5') ORDER BY time DESC LIMIT 5   [ RunTime:0.0002s ]
SQL: SELECT `id`,`title`,`time`,`click` FROM `think_blog` WHERE `cid` IN ('13','12','6') ORDER BY time DESC LIMIT 5   [ RunTime:0.0002s ]
SQL: SELECT `id`,`title`,`time`,`click` FROM `think_blog` WHERE `cid` IN ('20','21','22','7') ORDER BY time DESC LIMIT 5   [ RunTime:0.0002s ]
NOTIC: [8] Undefined variable: list /www/thinkphp/App/Blog/Controller/IndexController.class.php 第 42 行.
INFO: [ view_parse ] --START--
INFO: [ template_filter ] --START--
INFO: Run Behavior\ContentReplaceBehavior [ RunTime:0.000020s ]
INFO: [ template_filter ] --END-- [ RunTime:0.000047s ]
SQL: SELECT * FROM `think_cate` ORDER BY sort  [ RunTime:0.0001s ]
INFO: [ view_parse ] --START--
INFO: [ template_filter ] --START--
INFO: Run Behavior\ContentReplaceBehavior [ RunTime:0.000031s ]
INFO: [ template_filter ] --END-- [ RunTime:-0.019373s ]
INFO: Run Behavior\ParseTemplateBehavior [ RunTime:0.019057s ]
INFO: [ view_parse ] --END-- [ RunTime:0.019122s ]
INFO: [ view_filter ] --START--
INFO: Run Behavior\WriteHtmlCacheBehavior [ RunTime:0.000335s ]
INFO: [ view_filter ] --END-- [ RunTime:0.000404s ]
NOTIC: [8] Use of undefined constant time - assumed 'time' /www/thinkphp/App/Runtime/Cache/Blog/cde3321290bd4b5b0afb96b765552410.php 第 48 行.
NOTIC: [8] Array to string conversion /www/thinkphp/App/Runtime/Cache/Blog/cde3321290bd4b5b0afb96b765552410.php 第 48 行.
NOTIC: [2] date() expects parameter 2 to be long, string given /www/thinkphp/App/Runtime/Cache/Blog/cde3321290bd4b5b0afb96b765552410.php 第 48 行.
NOTIC: [8] Use of undefined constant time - assumed 'time' /www/thinkphp/App/Runtime/Cache/Blog/cde3321290bd4b5b0afb96b765552410.php 第 48 行.
NOTIC: [8] Array to string conversion /www/thinkphp/App/Runtime/Cache/Blog/cde3321290bd4b5b0afb96b765552410.php 第 48 行.
NOTIC: [2] date() expects parameter 2 to be long, string given /www/thinkphp/App/Runtime/Cache/Blog/cde3321290bd4b5b0afb96b765552410.php 第 48 行.
NOTIC: [8] Use of undefined constant time - assumed 'time' /www/thinkphp/App/Runtime/Cache/Blog/cde3321290bd4b5b0afb96b765552410.php 第 48 行.
NOTIC: [8] Array to string conversion /www/thinkphp/App/Runtime/Cache/Blog/cde3321290bd4b5b0afb96b765552410.php 第 48 行.
NOTIC: [2] date() expects parameter 2 to be long, string given /www/thinkphp/App/Runtime/Cache/Blog/cde3321290bd4b5b0afb96b765552410.php 第 48 行.
NOTIC: [8] Use of undefined constant time - assumed 'time' /www/thinkphp/App/Runtime/Cache/Blog/cde3321290bd4b5b0afb96b765552410.php 第 48 行.
NOTIC: [8] Array to string conversion /www/thinkphp/App/Runtime/Cache/Blog/cde3321290bd4b5b0afb96b765552410.php 第 48 行.
NOTIC: [2] date() expects parameter 2 to be long, string given /www/thinkphp/App/Runtime/Cache/Blog/cde3321290bd4b5b0afb96b765552410.php 第 48 行.
NOTIC: [8] Use of undefined constant time - assumed 'time' /www/thinkphp/App/Runtime/Cache/Blog/cde3321290bd4b5b0afb96b765552410.php 第 48 行.
NOTIC: [8] Array to string conversion /www/thinkphp/App/Runtime/Cache/Blog/cde3321290bd4b5b0afb96b765552410.php 第 48 行.
NOTIC: [2] date() expects parameter 2 to be long, string given /www/thinkphp/App/Runtime/Cache/Blog/cde3321290bd4b5b0afb96b765552410.php 第 48 行.
NOTIC: [8] Use of undefined constant time - assumed 'time' /www/thinkphp/App/Runtime/Cache/Blog/cde3321290bd4b5b0afb96b765552410.php 第 48 行.
NOTIC: [8] Array to string conversion /www/thinkphp/App/Runtime/Cache/Blog/cde3321290bd4b5b0afb96b765552410.php 第 48 行.
NOTIC: [2] date() expects parameter 2 to be long, string given /www/thinkphp/App/Runtime/Cache/Blog/cde3321290bd4b5b0afb96b765552410.php 第 48 行.
NOTIC: [8] Use of undefined constant time - assumed 'time' /www/thinkphp/App/Runtime/Cache/Blog/cde3321290bd4b5b0afb96b765552410.php 第 48 行.
NOTIC: [8] Array to string conversion /www/thinkphp/App/Runtime/Cache/Blog/cde3321290bd4b5b0afb96b765552410.php 第 48 行.
NOTIC: [2] date() expects parameter 2 to be long, string given /www/thinkphp/App/Runtime/Cache/Blog/cde3321290bd4b5b0afb96b765552410.php 第 48 行.
NOTIC: [8] Use of undefined constant time - assumed 'time' /www/thinkphp/App/Runtime/Cache/Blog/cde3321290bd4b5b0afb96b765552410.php 第 48 行.
NOTIC: [8] Array to string conversion /www/thinkphp/App/Runtime/Cache/Blog/cde3321290bd4b5b0afb96b765552410.php 第 48 行.
NOTIC: [2] date() expects parameter 2 to be long, string given /www/thinkphp/App/Runtime/Cache/Blog/cde3321290bd4b5b0afb96b765552410.php 第 48 行.
NOTIC: [8] Use of undefined constant time - assumed 'time' /www/thinkphp/App/Runtime/Cache/Blog/cde3321290bd4b5b0afb96b765552410.php 第 48 行.
NOTIC: [8] Array to string conversion /www/thinkphp/App/Runtime/Cache/Blog/cde3321290bd4b5b0afb96b765552410.php 第 48 行.
NOTIC: [2] date() expects parameter 2 to be long, string given /www/thinkphp/App/Runtime/Cache/Blog/cde3321290bd4b5b0afb96b765552410.php 第 48 行.
NOTIC: [8] Use of undefined constant time - assumed 'time' /www/thinkphp/App/Runtime/Cache/Blog/cde3321290bd4b5b0afb96b765552410.php 第 48 行.
NOTIC: [8] Array to string conversion /www/thinkphp/App/Runtime/Cache/Blog/cde3321290bd4b5b0afb96b765552410.php 第 48 行.
NOTIC: [2] date() expects parameter 2 to be long, string given /www/thinkphp/App/Runtime/Cache/Blog/cde3321290bd4b5b0afb96b765552410.php 第 48 行.
SQL: SELECT `id`,`title`,`click` FROM `think_blog` ORDER BY click DESC LIMIT 5   [ RunTime:0.0002s ]
SQL: SELECT `id`,`title`,`click` FROM `think_blog` ORDER BY time DESC LIMIT 5   [ RunTime:0.0001s ]
INFO: [ view_parse ] --START--
INFO: [ template_filter ] --START--
INFO: Run Behavior\ContentReplaceBehavior [ RunTime:0.000017s ]
INFO: [ template_filter ] --END-- [ RunTime:-0.031092s ]
INFO: Run Behavior\ParseTemplateBehavior [ RunTime:0.004433s ]
INFO: [ view_parse ] --END-- [ RunTime:-0.005616s ]
INFO: [ view_filter ] --START--
INFO: Run Behavior\WriteHtmlCacheBehavior [ RunTime:0.000052s ]
INFO: [ view_filter ] --END-- [ RunTime:-0.009639s ]
INFO: Run Behavior\ParseTemplateBehavior [ RunTime:0.004540s ]
INFO: [ view_parse ] --END-- [ RunTime:-0.005616s ]
INFO: [ view_filter ] --START--
INFO: Run Behavior\WriteHtmlCacheBehavior [ RunTime:0.000115s ]
INFO: [ view_filter ] --END-- [ RunTime:-0.009740s ]
INFO: [ app_end ] --START--
INFO: Run Behavior\ShowPageTraceBehavior [ RunTime:0.000027s ]
INFO: [ app_end ] --END-- [ RunTime:0.000039s ]

