[ 2015-12-29T13:41:25+08:00 ] 127.0.0.1 /thinkphp/?m=index&a=show
INFO: [ app_init ] --START--
INFO: Run Behavior\BuildLiteBehavior [ RunTime:0.000007s ]
INFO: [ app_init ] --END-- [ RunTime:0.000129s ]
ERR: 无法加载模块:Index

[ 2015-12-29T13:42:31+08:00 ] 127.0.0.1 /thinkphp/?m=index&a=index
INFO: [ app_init ] --START--
INFO: Run Behavior\BuildLiteBehavior [ RunTime:0.000007s ]
INFO: [ app_init ] --END-- [ RunTime:0.000116s ]
ERR: 无法加载模块:Index

[ 2015-12-29T13:48:59+08:00 ] 127.0.0.1 /thinkphp/?m=index&a=index
INFO: [ app_init ] --START--
INFO: Run Behavior\BuildLiteBehavior [ RunTime:0.000015s ]
INFO: [ app_init ] --END-- [ RunTime:0.000199s ]
ERR: 无法加载模块:Index

[ 2015-12-29T13:49:38+08:00 ] 127.0.0.1 /thinkphp/?a=%27index%27&m=showaa
INFO: [ app_init ] --START--
INFO: Run Behavior\BuildLiteBehavior [ RunTime:0.000008s ]
INFO: [ app_init ] --END-- [ RunTime:0.000126s ]
ERR: 无法加载模块:Showaa

[ 2015-12-29T14:14:01+08:00 ] 127.0.0.1 /thinkphp/?a=%27index%27&m=showaa
INFO: [ app_init ] --START--
INFO: Run Behavior\BuildLiteBehavior [ RunTime:0.000013s ]
INFO: [ app_init ] --END-- [ RunTime:0.000176s ]
ERR: 无法加载模块:Showaa

[ 2015-12-29T14:14:02+08:00 ] 127.0.0.1 /thinkphp/?a=%27index%27&m=showaa
INFO: [ app_init ] --START--
INFO: Run Behavior\BuildLiteBehavior [ RunTime:0.000017s ]
INFO: [ app_init ] --END-- [ RunTime:0.000177s ]
ERR: 无法加载模块:Showaa

